===================================================
12:25:06 : START
===================================================
12:25:06 : PROCESSING INSTRUMENTS SYMBOLS
-----------------------------------------------
12:25:06 : SCANNING : ADANIPORTS
-----------------------------------------------
12:25:07 : SCANNING : ASIANPAINT
-----------------------------------------------
12:25:08 : SCANNING : AUBANK
-----------------------------------------------
12:25:08 : SCANNING : AXISBANK
-----------------------------------------------
12:25:09 : SCANNING : BAJAJ-AUTO
-----------------------------------------------
12:25:10 : SCANNING : BAJAJFINSV
-----------------------------------------------
12:25:10 : SCANNING : BAJFINANCE
-----------------------------------------------
12:25:10 : SCANNING : BANDHANBNK
-----------------------------------------------
12:25:11 : SCANNING : BANKBARODA
-----------------------------------------------
12:25:11 : SCANNING : BANKINDIA
12:25:12 : ORDER FOUND 2021-09-21T11:35:00+0530 : SELL @ 54.7 / SL: 54.5 / TAR : 54.9
-----------------------------------------------
12:25:12 : SCANNING : BHARTIARTL
-----------------------------------------------
12:25:13 : SCANNING : BPCL
-----------------------------------------------
12:25:13 : SCANNING : BRITANNIA
-----------------------------------------------
12:25:13 : SCANNING : CANBK
-----------------------------------------------
12:25:14 : SCANNING : CIPLA
12:25:14 : ORDER FOUND 2021-09-21T12:15:00+0530 : BUY @ 956.3 / SL: 958.7 / TAR : 953.9
-----------------------------------------------
12:25:15 : SCANNING : COALINDIA
-----------------------------------------------
12:25:15 : SCANNING : CSBBANK
-----------------------------------------------
12:25:15 : SCANNING : CUB
-----------------------------------------------
12:25:16 : SCANNING : DCBBANK
-----------------------------------------------
12:25:16 : SCANNING : DIVISLAB
-----------------------------------------------
12:25:17 : SCANNING : DRREDDY
-----------------------------------------------
12:25:17 : SCANNING : EICHERMOT
-----------------------------------------------
12:25:17 : SCANNING : FEDERALBNK
-----------------------------------------------
12:25:18 : SCANNING : GRASIM
-----------------------------------------------
12:25:18 : SCANNING : HCLTECH
-----------------------------------------------
12:25:19 : SCANNING : HDFC
-----------------------------------------------
12:25:19 : SCANNING : HDFCBANK
-----------------------------------------------
12:25:19 : SCANNING : HDFCLIFE
-----------------------------------------------
12:25:20 : SCANNING : HEROMOTOCO
12:25:20 : ORDER FOUND 2021-09-21T11:30:00+0530 : SELL @ 2820.6 / SL: 2812.3 / TAR : 2828.9
-----------------------------------------------
12:25:21 : SCANNING : HINDALCO
-----------------------------------------------
12:25:21 : SCANNING : HINDUNILVR
-----------------------------------------------
12:25:22 : SCANNING : ICICIBANK
-----------------------------------------------
12:25:22 : SCANNING : IDFCFIRSTB
-----------------------------------------------
12:25:22 : SCANNING : INDIANB
12:25:23 : ORDER FOUND 2021-09-21T11:30:00+0530 : SELL @ 128.6 / SL: 128.1 / TAR : 129.2
-----------------------------------------------
12:25:23 : SCANNING : INDUSINDBK
-----------------------------------------------
12:25:24 : SCANNING : INFY
-----------------------------------------------
12:25:24 : SCANNING : IOC
-----------------------------------------------
12:25:24 : SCANNING : ITC
-----------------------------------------------
12:25:25 : SCANNING : JSWSTEEL
-----------------------------------------------
12:25:25 : SCANNING : KOTAKBANK
-----------------------------------------------
12:25:26 : SCANNING : LT
-----------------------------------------------
12:25:26 : SCANNING : M&M
-----------------------------------------------
12:25:26 : SCANNING : MARUTI
-----------------------------------------------
12:25:27 : SCANNING : NESTLEIND
-----------------------------------------------
12:25:27 : SCANNING : NTPC
-----------------------------------------------
12:25:28 : SCANNING : ONGC
-----------------------------------------------
12:25:28 : SCANNING : PNB
-----------------------------------------------
12:25:29 : SCANNING : POWERGRID
-----------------------------------------------
12:25:29 : SCANNING : RBLBANK
-----------------------------------------------
12:25:29 : SCANNING : RELIANCE
-----------------------------------------------
12:25:30 : SCANNING : SBILIFE
-----------------------------------------------
12:25:30 : SCANNING : SBIN
-----------------------------------------------
12:25:31 : SCANNING : SHREECEM
-----------------------------------------------
12:25:31 : SCANNING : SUNPHARMA
-----------------------------------------------
12:25:31 : SCANNING : TATACONSUM
-----------------------------------------------
12:25:32 : SCANNING : TATAMOTORS
-----------------------------------------------
12:25:32 : SCANNING : TATASTEEL
-----------------------------------------------
12:25:33 : SCANNING : TCS
-----------------------------------------------
12:25:33 : SCANNING : TECHM
-----------------------------------------------
12:25:33 : SCANNING : TITAN
-----------------------------------------------
12:25:34 : SCANNING : ULTRACEMCO
-----------------------------------------------
12:25:34 : SCANNING : UPL
12:25:34 : ORDER FOUND 2021-09-21T12:00:00+0530 : BUY @ 725.0 / SL: 728.1 / TAR : 721.9
-----------------------------------------------
12:25:35 : SCANNING : WIPRO
-----------------------------------------------
===================================================
12:25:35 : END
===================================================
Start Time     : 2021-09-21 12:25:06.164709
End Time       : 2021-09-21 12:25:35.312893
Time Taken     : 0.0
===================================================
